This is pdfTeX, Version 3.14159265-2.6-1.40.15 (TeX Live 2014) (preloaded format=pdflatex 2015.4.10)  22 MAY 2015 17:25
entering extended mode
 restricted \write18 enabled.
 file:line:error style messages enabled.
 %&-line parsing enabled.
**tutorial_doc.tex
(./tutorial_doc.tex
LaTeX2e <2014/05/01>
Babel <3.9k> and hyphenation patterns for 78 languages loaded.
(/usr/local/texlive/2014/texmf-dist/tex/latex/refman/refart.cls
Document Class: refart 2006/11/13 v2.0e LaTeX document class
\papermarginwidth=\skip41
(/usr/local/texlive/2014/texmf-dist/tex/latex/base/size10.clo
File: size10.clo 2007/10/19 v1.4h Standard LaTeX file (size option)
)
\leftmarginwidth=\dimen102
\fullwidth=\dimen103
\emptyfoottopmargin=\dimen104
\emptyheadtopmargin=\dimen105
\c@part=\count79
\c@section=\count80
\c@subsection=\count81
\c@subsubsection=\count82
\c@paragraph=\count83
\c@subparagraph=\count84
\c@figure=\count85
\c@table=\count86
\abovecaptionskip=\skip42
\belowcaptionskip=\skip43
\bibindent=\dimen106
) (/usr/local/texlive/2014/texmf-dist/tex/latex/base/makeidx.sty
Package: makeidx 2000/03/29 v1.0m Standard LaTeX package
) (/usr/local/texlive/2014/texmf-dist/tex/latex/float/float.sty
Package: float 2001/11/08 v1.3d Float enhancements (AL)
\c@float@type=\count87
\float@exts=\toks14
\float@box=\box26
\@float@everytoks=\toks15
\@floatcapt=\box27
) (/usr/local/texlive/2014/texmf-dist/tex/latex/base/ifthen.sty
Package: ifthen 2001/05/26 v1.1c Standard LaTeX ifthen package (DPC)
) (/usr/local/texlive/2014/texmf-dist/tex/latex/graphics/graphicx.sty
Package: graphicx 2014/04/25 v1.0g Enhanced LaTeX Graphics (DPC,SPQR)
(/usr/local/texlive/2014/texmf-dist/tex/latex/graphics/keyval.sty
Package: keyval 2014/05/08 v1.15 key=value parser (DPC)
\KV@toks@=\toks16
) (/usr/local/texlive/2014/texmf-dist/tex/latex/graphics/graphics.sty
Package: graphics 2009/02/05 v1.0o Standard LaTeX Graphics (DPC,SPQR)
(/usr/local/texlive/2014/texmf-dist/tex/latex/graphics/trig.sty
Package: trig 1999/03/16 v1.09 sin cos tan (DPC)
) (/usr/local/texlive/2014/texmf-dist/tex/latex/latexconfig/graphics.cfg
File: graphics.cfg 2010/04/23 v1.9 graphics configuration of TeX Live
)
Package graphics Info: Driver file: pdftex.def on input line 91.
(/usr/local/texlive/2014/texmf-dist/tex/latex/pdftex-def/pdftex.def
File: pdftex.def 2011/05/27 v0.06d Graphics/color for pdfTeX
(/usr/local/texlive/2014/texmf-dist/tex/generic/oberdiek/infwarerr.sty
Package: infwarerr 2010/04/08 v1.3 Providing info/warning/error messages (HO)
) (/usr/local/texlive/2014/texmf-dist/tex/generic/oberdiek/ltxcmds.sty
Package: ltxcmds 2011/11/09 v1.22 LaTeX kernel commands for general use (HO)
)
\Gread@gobject=\count88
))
\Gin@req@height=\dimen107
\Gin@req@width=\dimen108
)
\@indexfile=\write3
\openout3 = `tutorial_doc.idx'.

Writing index file tutorial_doc.idx
(./tutorial_doc.aux)
\openout1 = `tutorial_doc.aux'.

LaTeX Font Info:    Checking defaults for OML/cmm/m/it on input line 28.
LaTeX Font Info:    ... okay on input line 28.
LaTeX Font Info:    Checking defaults for T1/cmr/m/n on input line 28.
LaTeX Font Info:    ... okay on input line 28.
LaTeX Font Info:    Checking defaults for OT1/cmr/m/n on input line 28.
LaTeX Font Info:    ... okay on input line 28.
LaTeX Font Info:    Checking defaults for OMS/cmsy/m/n on input line 28.
LaTeX Font Info:    ... okay on input line 28.
LaTeX Font Info:    Checking defaults for OMX/cmex/m/n on input line 28.
LaTeX Font Info:    ... okay on input line 28.
LaTeX Font Info:    Checking defaults for U/cmr/m/n on input line 28.
LaTeX Font Info:    ... okay on input line 28.
(/usr/local/texlive/2014/texmf-dist/tex/context/base/supp-pdf.mkii
[Loading MPS to PDF converter (version 2006.09.02).]
\scratchcounter=\count89
\scratchdimen=\dimen109
\scratchbox=\box28
\nofMPsegments=\count90
\nofMParguments=\count91
\everyMPshowfont=\toks17
\MPscratchCnt=\count92
\MPscratchDim=\dimen110
\MPnumerator=\count93
\makeMPintoPDFobject=\count94
\everyMPtoPDFconversion=\toks18
) (/usr/local/texlive/2014/texmf-dist/tex/generic/oberdiek/pdftexcmds.sty
Package: pdftexcmds 2011/11/29 v0.20 Utility functions of pdfTeX for LuaTeX (HO)
(/usr/local/texlive/2014/texmf-dist/tex/generic/oberdiek/ifluatex.sty
Package: ifluatex 2010/03/01 v1.3 Provides the ifluatex switch (HO)
Package ifluatex Info: LuaTeX not detected.
) (/usr/local/texlive/2014/texmf-dist/tex/generic/oberdiek/ifpdf.sty
Package: ifpdf 2011/01/30 v2.3 Provides the ifpdf switch (HO)
Package ifpdf Info: pdfTeX in PDF mode is detected.
)
Package pdftexcmds Info: LuaTeX not detected.
Package pdftexcmds Info: \pdf@primitive is available.
Package pdftexcmds Info: \pdf@ifprimitive is available.
Package pdftexcmds Info: \pdfdraftmode found.
) (/usr/local/texlive/2014/texmf-dist/tex/latex/oberdiek/epstopdf-base.sty
Package: epstopdf-base 2010/02/09 v2.5 Base part for package epstopdf
(/usr/local/texlive/2014/texmf-dist/tex/latex/oberdiek/grfext.sty
Package: grfext 2010/08/19 v1.1 Manage graphics extensions (HO)
(/usr/local/texlive/2014/texmf-dist/tex/generic/oberdiek/kvdefinekeys.sty
Package: kvdefinekeys 2011/04/07 v1.3 Define keys (HO)
)) (/usr/local/texlive/2014/texmf-dist/tex/latex/oberdiek/kvoptions.sty
Package: kvoptions 2011/06/30 v3.11 Key value format for package options (HO)
(/usr/local/texlive/2014/texmf-dist/tex/generic/oberdiek/kvsetkeys.sty
Package: kvsetkeys 2012/04/25 v1.16 Key value parser (HO)
(/usr/local/texlive/2014/texmf-dist/tex/generic/oberdiek/etexcmds.sty
Package: etexcmds 2011/02/16 v1.5 Avoid name clashes with e-TeX commands (HO)
Package etexcmds Info: Could not find \expanded.
(etexcmds)             That can mean that you are not using pdfTeX 1.50 or
(etexcmds)             that some package has redefined \expanded.
(etexcmds)             In the latter case, load this package earlier.
)))
Package grfext Info: Graphics extension search list:
(grfext)             [.png,.pdf,.jpg,.mps,.jpeg,.jbig2,.jb2,.PNG,.PDF,.JPG,.JPEG,.JBIG2,.JB2,.eps]
(grfext)             \AppendGraphicsExtensions on input line 452.
(/usr/local/texlive/2014/texmf-dist/tex/latex/latexconfig/epstopdf-sys.cfg
File: epstopdf-sys.cfg 2010/07/13 v1.3 Configuration of (r)epstopdf for TeX Live
)) [1

{/usr/local/texlive/2014/texmf-var/fonts/map/pdftex/updmap/pdftex.map}] <spinehead1.png, id=10, 153.57375pt x 300.12125pt>
File: spinehead1.png Graphic file (type png)
<use spinehead1.png>
Package pdftex.def Info: spinehead1.png used on input line 55.
(pdftex.def)             Requested size: 76.78668pt x 150.06026pt.
<spinehead2.png, id=12, 332.24126pt x 129.48375pt>
File: spinehead2.png Graphic file (type png)
<use spinehead2.png>
Package pdftex.def Info: spinehead2.png used on input line 60.
(pdftex.def)             Requested size: 166.12021pt x 64.7417pt.
<spinehead3.png, id=13, 410.53375pt x 41.15375pt>
File: spinehead3.png Graphic file (type png)
<use spinehead3.png>
Package pdftex.def Info: spinehead3.png used on input line 69.
(pdftex.def)             Requested size: 205.26637pt x 20.57681pt.
<spinehead4.png, id=14, 123.46124pt x 224.84pt>
File: spinehead4.png Graphic file (type png)
<use spinehead4.png>
Package pdftex.def Info: spinehead4.png used on input line 74.
(pdftex.def)             Requested size: 61.73045pt x 112.41972pt.
[2 <./spinehead1.png> <./spinehead2.png> <./spinehead3.png>] <spinehead5.png, id=23, 125.46875pt x 102.3825pt>
File: spinehead5.png Graphic file (type png)
<use spinehead5.png>
Package pdftex.def Info: spinehead5.png used on input line 78.
(pdftex.def)             Requested size: 62.7342pt x 51.19112pt.
<bouton1.png, id=24, 316.18124pt x 99.37125pt>
File: bouton1.png Graphic file (type png)
<use bouton1.png>
Package pdftex.def Info: bouton1.png used on input line 93.
(pdftex.def)             Requested size: 158.09023pt x 49.6855pt.
[3 <./spinehead4.png> <./spinehead5.png> <./bouton1.png>] <vesicle1.png, id=32, 333.245pt x 168.63pt>
File: vesicle1.png Graphic file (type png)
<use vesicle1.png>
Package pdftex.def Info: vesicle1.png used on input line 122.
(pdftex.def)             Requested size: 166.62209pt x 84.31479pt.
<vesicle3.png, id=33, 313.17pt x 64.24pt>
File: vesicle3.png Graphic file (type png)
<use vesicle3.png>
Package pdftex.def Info: vesicle3.png used on input line 129.
(pdftex.def)             Requested size: 156.58461pt x 32.11992pt.
[4 <./vesicle1.png>] [5 <./vesicle3.png>] <settings3.png, id=42, 253.94875pt x 417.56pt>
File: settings3.png Graphic file (type png)
<use settings3.png>
Package pdftex.def Info: settings3.png used on input line 182.
(pdftex.def)             Requested size: 126.97406pt x 208.77948pt.
[6 <./settings3.png>]
LaTeX Font Info:    External font `cmex10' loaded for size
(Font)              <7> on input line 212.
LaTeX Font Info:    External font `cmex10' loaded for size
(Font)              <5> on input line 212.
<settings1.png, id=47, 248.93pt x 352.31625pt>
File: settings1.png Graphic file (type png)
<use settings1.png>
Package pdftex.def Info: settings1.png used on input line 227.
(pdftex.def)             Requested size: 124.46469pt x 176.15768pt.
[7] <settings2.png, id=53, 570.13pt x 365.365pt>
File: settings2.png Graphic file (type png)
<use settings2.png>
Package pdftex.def Info: settings2.png used on input line 233.
(pdftex.def)             Requested size: 285.0643pt x 182.68205pt.
[8 <./settings1.png> <./settings2.png>] [9] <trouble1.png, id=62, 265.99374pt x 136.51pt>
File: trouble1.png Graphic file (type png)
<use trouble1.png>
Package pdftex.def Info: trouble1.png used on input line 291.
(pdftex.def)             Requested size: 132.99654pt x 68.25482pt.
[10 <./trouble1.png>] (./tutorial_doc.aux) ) 
Here is how much of TeX's memory you used:
 1697 strings out of 493117
 24432 string characters out of 6135433
 85236 words of memory out of 5000000
 5150 multiletter control sequences out of 15000+600000
 6464 words of font info for 23 fonts, out of 8000000 for 9000
 1141 hyphenation exceptions out of 8191
 37i,7n,23p,627b,278s stack positions out of 5000i,500n,10000p,200000b,80000s
</usr/local/texlive/2014/texmf-dist/fonts/type1/public/amsfonts/cm/cmbx10.pfb></usr/local/texlive/2014/texmf-dist/fonts/type1/public/amsfonts/cm/cmbx12.pfb></usr/local/texlive/2014/texmf-dist/fonts/type1/public/amsfonts/cm/cmbx9.pfb></usr/local/texlive/2014/texmf-dist/fonts/type1/public/amsfonts/cm/cmr10.pfb></usr/local/texlive/2014/texmf-dist/fonts/type1/public/amsfonts/cm/cmr9.pfb></usr/local/texlive/2014/texmf-dist/fonts/type1/public/amsfonts/cm/cmsl10.pfb></usr/local/texlive/2014/texmf-dist/fonts/type1/public/amsfonts/cm/cmsy10.pfb></usr/local/texlive/2014/texmf-dist/fonts/type1/public/amsfonts/cm/cmti10.pfb>
Output written on tutorial_doc.pdf (10 pages, 326354 bytes).
PDF statistics:
 94 PDF objects out of 1000 (max. 8388607)
 49 compressed objects within 1 object stream
 0 named destinations out of 1000 (max. 500000)
 61 words of extra memory for PDF output out of 10000 (max. 10000000)

