\BOOKMARK [1][-]{section.1}{Introduction}{}% 1
\BOOKMARK [1][-]{section.2}{Background Information}{}% 2
\BOOKMARK [2][-]{subsection.2.1}{Synaptic Structure}{section.2}% 3
\BOOKMARK [2][-]{subsection.2.2}{Synaptic Transmission - An Overview}{section.2}% 4
\BOOKMARK [2][-]{subsection.2.3}{Vesicles}{section.2}% 5
\BOOKMARK [2][-]{subsection.2.4}{Calcium Channels}{section.2}% 6
\BOOKMARK [2][-]{subsection.2.5}{Receptors}{section.2}% 7
\BOOKMARK [1][-]{section.3}{The Modelling Approach}{}% 8
\BOOKMARK [2][-]{subsection.3.1}{Summary of the Modelling Approach}{section.3}% 9
\BOOKMARK [2][-]{subsection.3.2}{Scale, Size and Time}{section.3}% 10
\BOOKMARK [2][-]{subsection.3.3}{Translating the Biology into Blender}{section.3}% 11
\BOOKMARK [2][-]{subsection.3.4}{Challenges in Setting Up the Model}{section.3}% 12
\BOOKMARK [1][-]{section.4}{Making the Model Realistic}{}% 13
\BOOKMARK [2][-]{subsection.4.1}{Model Components}{section.4}% 14
\BOOKMARK [2][-]{subsection.4.2}{Model Rate Equations}{section.4}% 15
\BOOKMARK [2][-]{subsection.4.3}{Reaction Specifications}{section.4}% 16
\BOOKMARK [2][-]{subsection.4.4}{Object Specifications}{section.4}% 17
\BOOKMARK [3][-]{subsubsection.4.4.1}{Quantities of relevant molecules}{subsection.4.4}% 18
\BOOKMARK [1][-]{section.5}{Results}{}% 19
\BOOKMARK [1][-]{section.6}{Conclusion}{}% 20
\BOOKMARK [1][-]{section.7}{Acknowledgements}{}% 21
